<?xml version="1.0" encoding="UTF-8"?>
<testng-results skipped="0" failed="0" ignored="0" total="1" passed="1">
  <reporter-output>
  </reporter-output>
  <suite name="GroceryReceiving" duration-ms="92259" started-at="2021-06-01T14:40:40 EDT" finished-at="2021-06-01T14:42:13 EDT">
    <groups>
    </groups>
    <test name="MAWMasnLPN" duration-ms="92259" started-at="2021-06-01T14:40:40 EDT" finished-at="2021-06-01T14:42:13 EDT">
      <class name="MAWM_Validations.ASNCreation_MAWM">
        <test-method status="PASS" signature="setUp()[pri:0, instance:MAWM_Validations.ASNCreation_MAWM@eafc191]" name="setUp" is-config="true" duration-ms="3977" started-at="2021-06-01T14:40:40 EDT" finished-at="2021-06-01T14:40:44 EDT">
          <reporter-output>
          </reporter-output>
        </test-method> <!-- setUp -->
        <test-method status="PASS" signature="POValidationMAWM(java.lang.String)[pri:0, instance:MAWM_Validations.ASNCreation_MAWM@eafc191]" name="POValidationMAWM" duration-ms="86894" started-at="2021-06-01T14:40:44 EDT" finished-at="2021-06-01T14:42:11 EDT">
          <params>
            <param index="0">
              <value>
                <![CDATA[A-206839]]>
              </value>
            </param>
          </params>
          <reporter-output>
          </reporter-output>
        </test-method> <!-- POValidationMAWM -->
        <test-method status="PASS" signature="tearDown()[pri:0, instance:MAWM_Validations.ASNCreation_MAWM@eafc191]" name="tearDown" is-config="true" duration-ms="1350" started-at="2021-06-01T14:42:11 EDT" finished-at="2021-06-01T14:42:13 EDT">
          <reporter-output>
          </reporter-output>
        </test-method> <!-- tearDown -->
      </class> <!-- MAWM_Validations.ASNCreation_MAWM -->
    </test> <!-- MAWMasnLPN -->
  </suite> <!-- GroceryReceiving -->
</testng-results>
